<?xml version="1.0" encoding="UTF-8"?>
<testng-results ignored="0" total="4" passed="3" failed="1" skipped="0">
  <reporter-output>
  </reporter-output>
  <suite started-at="2021-07-14T21:09:25 EDT" name="Command line suite" finished-at="2021-07-14T21:10:17 EDT" duration-ms="52383">
    <groups>
    </groups>
    <test started-at="2021-07-14T21:09:25 EDT" name="Command line test" finished-at="2021-07-14T21:10:17 EDT" duration-ms="52383">
      <class name="Pack1.DoubleClickTest">
        <test-method is-config="true" signature="setUp()[pri:0, instance:Pack1.DoubleClickTest@50de0926]" started-at="2021-07-14T21:09:34 EDT" name="setUp" finished-at="2021-07-14T21:09:37 EDT" duration-ms="3004" status="PASS">
          <reporter-output>
          </reporter-output>
        </test-method> <!-- setUp -->
        <test-method signature="doubleClickConext()[pri:0, instance:Pack1.DoubleClickTest@50de0926]" started-at="2021-07-14T21:09:37 EDT" name="doubleClickConext" finished-at="2021-07-14T21:09:45 EDT" duration-ms="7870" status="PASS">
          <reporter-output>
          </reporter-output>
        </test-method> <!-- doubleClickConext -->
        <test-method is-config="true" signature="tearDown()[pri:0, instance:Pack1.DoubleClickTest@50de0926]" started-at="2021-07-14T21:09:45 EDT" name="tearDown" finished-at="2021-07-14T21:09:45 EDT" duration-ms="1" status="PASS">
          <reporter-output>
          </reporter-output>
        </test-method> <!-- tearDown -->
      </class> <!-- Pack1.DoubleClickTest -->
      <class name="Pack1.MouveToTest">
        <test-method is-config="true" signature="setUp()[pri:0, instance:Pack1.MouveToTest@60438a68]" started-at="2021-07-14T21:09:57 EDT" name="setUp" finished-at="2021-07-14T21:10:03 EDT" duration-ms="6387" status="PASS">
          <reporter-output>
          </reporter-output>
        </test-method> <!-- setUp -->
        <test-method signature="moveTo()[pri:0, instance:Pack1.MouveToTest@60438a68]" started-at="2021-07-14T21:10:03 EDT" name="moveTo" finished-at="2021-07-14T21:10:15 EDT" duration-ms="11990" status="FAIL">
          <exception class="org.openqa.selenium.NoSuchElementException">
            <message>
              <![CDATA[Cannot locate an element using id=blogsmenu
For documentation on this error, please visit: https://www.seleniumhq.org/exceptions/no_such_element.html
Build info: version: '3.141.59', revision: 'e82be7d358', time: '2018-11-14T08:17:03'
System info: host: 'DESKTOP-STB04T3', ip: '192.168.56.1', os.name: 'Windows 10', os.arch: 'amd64', os.version: '10.0', java.version: '15.0.2'
Driver info: driver.version: RemoteWebDriver]]>
            </message>
            <full-stacktrace>
              <![CDATA[org.openqa.selenium.NoSuchElementException: Cannot locate an element using id=blogsmenu
For documentation on this error, please visit: https://www.seleniumhq.org/exceptions/no_such_element.html
Build info: version: '3.141.59', revision: 'e82be7d358', time: '2018-11-14T08:17:03'
System info: host: 'DESKTOP-STB04T3', ip: '192.168.56.1', os.name: 'Windows 10', os.arch: 'amd64', os.version: '10.0', java.version: '15.0.2'
Driver info: driver.version: RemoteWebDriver
at org.openqa.selenium.remote.RemoteWebDriver.findElement(RemoteWebDriver.java:327)
at org.openqa.selenium.remote.RemoteWebDriver.findElementById(RemoteWebDriver.java:372)
at org.openqa.selenium.By$ById.findElement(By.java:188)
at org.openqa.selenium.remote.RemoteWebDriver.findElement(RemoteWebDriver.java:315)
at Pack1.MouveToTest.moveTo(MouveToTest.java:22)
at java.base/jdk.internal.reflect.NativeMethodAccessorImpl.invoke0(Native Method)
at java.base/jdk.internal.reflect.NativeMethodAccessorImpl.invoke(NativeMethodAccessorImpl.java:64)
at java.base/jdk.internal.reflect.DelegatingMethodAccessorImpl.invoke(DelegatingMethodAccessorImpl.java:43)
at java.base/java.lang.reflect.Method.invoke(Method.java:564)
at org.testng.internal.MethodInvocationHelper.invokeMethod(MethodInvocationHelper.java:133)
at org.testng.internal.TestInvoker.invokeMethod(TestInvoker.java:598)
at org.testng.internal.TestInvoker.invokeTestMethod(TestInvoker.java:173)
at org.testng.internal.MethodRunner.runInSequence(MethodRunner.java:46)
at org.testng.internal.TestInvoker$MethodInvocationAgent.invoke(TestInvoker.java:824)
at org.testng.internal.TestInvoker.invokeTestMethods(TestInvoker.java:146)
at org.testng.internal.TestMethodWorker.invokeTestMethods(TestMethodWorker.java:146)
at org.testng.internal.TestMethodWorker.run(TestMethodWorker.java:128)
at java.base/java.util.ArrayList.forEach(ArrayList.java:1511)
at org.testng.TestRunner.privateRun(TestRunner.java:794)
at org.testng.TestRunner.run(TestRunner.java:596)
at org.testng.SuiteRunner.runTest(SuiteRunner.java:377)
at org.testng.SuiteRunner.runSequentially(SuiteRunner.java:371)
at org.testng.SuiteRunner.privateRun(SuiteRunner.java:332)
at org.testng.SuiteRunner.run(SuiteRunner.java:276)
at org.testng.SuiteRunnerWorker.runSuite(SuiteRunnerWorker.java:53)
at org.testng.SuiteRunnerWorker.run(SuiteRunnerWorker.java:96)
at org.testng.TestNG.runSuitesSequentially(TestNG.java:1212)
at org.testng.TestNG.runSuitesLocally(TestNG.java:1134)
at org.testng.TestNG.runSuites(TestNG.java:1063)
at org.testng.TestNG.run(TestNG.java:1031)
at org.apache.maven.surefire.testng.TestNGExecutor.run(TestNGExecutor.java:77)
at org.apache.maven.surefire.testng.TestNGDirectoryTestSuite.executeMulti(TestNGDirectoryTestSuite.java:159)
at org.apache.maven.surefire.testng.TestNGDirectoryTestSuite.execute(TestNGDirectoryTestSuite.java:99)
at org.apache.maven.surefire.testng.TestNGProvider.invoke(TestNGProvider.java:106)
at java.base/jdk.internal.reflect.NativeMethodAccessorImpl.invoke0(Native Method)
at java.base/jdk.internal.reflect.NativeMethodAccessorImpl.invoke(NativeMethodAccessorImpl.java:64)
at java.base/jdk.internal.reflect.DelegatingMethodAccessorImpl.invoke(DelegatingMethodAccessorImpl.java:43)
at java.base/java.lang.reflect.Method.invoke(Method.java:564)
at org.apache.maven.surefire.util.ReflectionUtils.invokeMethodWithArray(ReflectionUtils.java:189)
at org.apache.maven.surefire.booter.ProviderFactory$ProviderProxy.invoke(ProviderFactory.java:165)
at org.apache.maven.surefire.booter.ProviderFactory.invokeProvider(ProviderFactory.java:85)
at org.apache.maven.surefire.booter.ForkedBooter.runSuitesInProcess(ForkedBooter.java:115)
at org.apache.maven.surefire.booter.ForkedBooter.main(ForkedBooter.java:75)
]]>
            </full-stacktrace>
          </exception> <!-- org.openqa.selenium.NoSuchElementException -->
          <reporter-output>
          </reporter-output>
        </test-method> <!-- moveTo -->
        <test-method is-config="true" signature="tearDown()[pri:0, instance:Pack1.MouveToTest@60438a68]" started-at="2021-07-14T21:10:15 EDT" name="tearDown" finished-at="2021-07-14T21:10:17 EDT" duration-ms="1764" status="PASS">
          <reporter-output>
          </reporter-output>
        </test-method> <!-- tearDown -->
      </class> <!-- Pack1.MouveToTest -->
      <class name="Pack1.LeftClickTest">
        <test-method is-config="true" signature="setUp()[pri:0, instance:Pack1.LeftClickTest@2473b9ce]" started-at="2021-07-14T21:09:45 EDT" name="setUp" finished-at="2021-07-14T21:09:48 EDT" duration-ms="3102" status="PASS">
          <reporter-output>
          </reporter-output>
        </test-method> <!-- setUp -->
        <test-method signature="leftClickTest()[pri:0, instance:Pack1.LeftClickTest@2473b9ce]" started-at="2021-07-14T21:09:48 EDT" name="leftClickTest" finished-at="2021-07-14T21:09:57 EDT" duration-ms="8397" status="PASS">
          <reporter-output>
          </reporter-output>
        </test-method> <!-- leftClickTest -->
        <test-method is-config="true" signature="tearDown()[pri:0, instance:Pack1.LeftClickTest@2473b9ce]" started-at="2021-07-14T21:09:57 EDT" name="tearDown" finished-at="2021-07-14T21:09:57 EDT" duration-ms="0" status="PASS">
          <reporter-output>
          </reporter-output>
        </test-method> <!-- tearDown -->
      </class> <!-- Pack1.LeftClickTest -->
      <class name="Pack1.ContextClickTest">
        <test-method is-config="true" signature="setUp()[pri:0, instance:Pack1.ContextClickTest@4f51b3e0]" started-at="2021-07-14T21:09:25 EDT" name="setUp" finished-at="2021-07-14T21:09:30 EDT" duration-ms="5764" status="PASS">
          <reporter-output>
          </reporter-output>
        </test-method> <!-- setUp -->
        <test-method signature="clickConext()[pri:0, instance:Pack1.ContextClickTest@4f51b3e0]" started-at="2021-07-14T21:09:30 EDT" name="clickConext" finished-at="2021-07-14T21:09:34 EDT" duration-ms="3940" status="PASS">
          <reporter-output>
          </reporter-output>
        </test-method> <!-- clickConext -->
        <test-method is-config="true" signature="tearDown()[pri:0, instance:Pack1.ContextClickTest@4f51b3e0]" started-at="2021-07-14T21:09:34 EDT" name="tearDown" finished-at="2021-07-14T21:09:34 EDT" duration-ms="1" status="PASS">
          <reporter-output>
          </reporter-output>
        </test-method> <!-- tearDown -->
      </class> <!-- Pack1.ContextClickTest -->
    </test> <!-- Command line test -->
  </suite> <!-- Command line suite -->
</testng-results>
