<?xml version="1.0" encoding="UTF-8"?>
<testng-results ignored="0" total="1" passed="1" failed="0" skipped="0">
  <reporter-output>
  </reporter-output>
  <suite started-at="2021-07-14T20:31:08 EDT" name="Default suite" finished-at="2021-07-14T20:31:23 EDT" duration-ms="15523">
    <groups>
    </groups>
    <test started-at="2021-07-14T20:31:08 EDT" name="Default test" finished-at="2021-07-14T20:31:23 EDT" duration-ms="15523">
      <class name="Pack1.LeftClickTest">
        <test-method is-config="true" signature="setUp()[pri:0, instance:Pack1.LeftClickTest@6bedbc4d]" started-at="2021-07-14T20:31:08 EDT" name="setUp" finished-at="2021-07-14T20:31:14 EDT" duration-ms="6183" status="PASS">
          <reporter-output>
          </reporter-output>
        </test-method> <!-- setUp -->
        <test-method signature="leftClickTest()[pri:0, instance:Pack1.LeftClickTest@6bedbc4d]" started-at="2021-07-14T20:31:14 EDT" name="leftClickTest" finished-at="2021-07-14T20:31:23 EDT" duration-ms="9212" status="PASS">
          <reporter-output>
          </reporter-output>
        </test-method> <!-- leftClickTest -->
        <test-method is-config="true" signature="tearDown()[pri:0, instance:Pack1.LeftClickTest@6bedbc4d]" started-at="2021-07-14T20:31:23 EDT" name="tearDown" finished-at="2021-07-14T20:31:23 EDT" duration-ms="1" status="PASS">
          <reporter-output>
          </reporter-output>
        </test-method> <!-- tearDown -->
      </class> <!-- Pack1.LeftClickTest -->
    </test> <!-- Default test -->
  </suite> <!-- Default suite -->
</testng-results>
